<?xml version="1.0" encoding="UTF-8"?>
<coverage generated="1540686177715" clover="3.2.0">
  <project timestamp="1540686177715" name="All files">
    <metrics statements="21" coveredstatements="11" conditionals="7" coveredconditionals="4" methods="9" coveredmethods="0" elements="37" coveredelements="15" complexity="0" loc="21" ncloc="21" packages="1" files="1" classes="1">
      <file name="server.js" path="/Users/jamesdenton/codefellows/401/lab-06/www/server.js">
        <metrics statements="21" coveredstatements="11" conditionals="7" coveredconditionals="4" methods="9" coveredmethods="0"/>
        <line num="3" count="1" type="stmt"/>
        <line num="4" count="1" type="stmt"/>
        <line num="6" count="1" type="stmt"/>
        <line num="8" count="1" type="cond" truecount="2" falsecount="0"/>
        <line num="9" count="1" type="cond" truecount="2" falsecount="0"/>
        <line num="12" count="1" type="stmt"/>
        <line num="15" count="1" type="stmt"/>
        <line num="17" count="1" type="stmt"/>
        <line num="18" count="1" type="stmt"/>
        <line num="19" count="1" type="stmt"/>
        <line num="22" count="0" type="stmt"/>
        <line num="26" count="0" type="stmt"/>
        <line num="28" count="0" type="stmt"/>
        <line num="31" count="0" type="stmt"/>
        <line num="36" count="0" type="stmt"/>
        <line num="38" count="0" type="stmt"/>
        <line num="41" count="0" type="stmt"/>
        <line num="42" count="0" type="stmt"/>
        <line num="52" count="1" type="stmt"/>
        <line num="55" count="0" type="cond" truecount="0" falsecount="3"/>
        <line num="56" count="0" type="stmt"/>
      </file>
    </metrics>
  </project>
</coverage>
