{"/Users/jamesdenton/codefellows/401/lab-06/www/lib/server.js": {"path":"/Users/jamesdenton/codefellows/401/lab-06/www/lib/server.js","statementMap":{"0":{"start":{"line":3,"column":19},"end":{"line":3,"column":40}},"1":{"start":{"line":4,"column":16},"end":{"line":4,"column":34}},"2":{"start":{"line":6,"column":12},"end":{"line":6,"column":21}},"3":{"start":{"line":8,"column":13},"end":{"line":8,"column":37}},"4":{"start":{"line":9,"column":12},"end":{"line":9,"column":58}},"5":{"start":{"line":12,"column":0},"end":{"line":12,"column":30}},"6":{"start":{"line":15,"column":0},"end":{"line":15,"column":39}},"7":{"start":{"line":17,"column":0},"end":{"line":17,"column":23}},"8":{"start":{"line":18,"column":0},"end":{"line":18,"column":32}},"9":{"start":{"line":19,"column":0},"end":{"line":19,"column":38}},"10":{"start":{"line":20,"column":0},"end":{"line":20,"column":45}},"11":{"start":{"line":23,"column":2},"end":{"line":23,"column":74}},"12":{"start":{"line":27,"column":2},"end":{"line":32,"column":44}},"13":{"start":{"line":29,"column":6},"end":{"line":29,"column":111}},"14":{"start":{"line":32,"column":21},"end":{"line":32,"column":41}},"15":{"start":{"line":37,"column":2},"end":{"line":44,"column":7}},"16":{"start":{"line":39,"column":6},"end":{"line":39,"column":105}},"17":{"start":{"line":42,"column":22},"end":{"line":42,"column":43}},"18":{"start":{"line":43,"column":6},"end":{"line":43,"column":33}},"19":{"start":{"line":53,"column":0},"end":{"line":59,"column":2}},"20":{"start":{"line":56,"column":15},"end":{"line":56,"column":47}},"21":{"start":{"line":57,"column":4},"end":{"line":57,"column":64}},"22":{"start":{"line":57,"column":27},"end":{"line":57,"column":62}}},"fnMap":{"0":{"name":"homePage","decl":{"start":{"line":22,"column":9},"end":{"line":22,"column":17}},"loc":{"start":{"line":22,"column":36},"end":{"line":24,"column":1}},"line":22},"1":{"name":"catPage","decl":{"start":{"line":26,"column":9},"end":{"line":26,"column":16}},"loc":{"start":{"line":26,"column":35},"end":{"line":34,"column":1}},"line":26},"2":{"name":"(anonymous_2)","decl":{"start":{"line":28,"column":11},"end":{"line":28,"column":12}},"loc":{"start":{"line":28,"column":19},"end":{"line":31,"column":5}},"line":28},"3":{"name":"(anonymous_3)","decl":{"start":{"line":32,"column":12},"end":{"line":32,"column":13}},"loc":{"start":{"line":32,"column":21},"end":{"line":32,"column":41}},"line":32},"4":{"name":"proPage","decl":{"start":{"line":36,"column":9},"end":{"line":36,"column":16}},"loc":{"start":{"line":36,"column":36},"end":{"line":49,"column":1}},"line":36},"5":{"name":"(anonymous_5)","decl":{"start":{"line":38,"column":11},"end":{"line":38,"column":12}},"loc":{"start":{"line":38,"column":19},"end":{"line":41,"column":5}},"line":38},"6":{"name":"(anonymous_6)","decl":{"start":{"line":42,"column":12},"end":{"line":42,"column":13}},"loc":{"start":{"line":42,"column":21},"end":{"line":44,"column":5}},"line":42},"7":{"name":"(anonymous_7)","decl":{"start":{"line":55,"column":9},"end":{"line":55,"column":10}},"loc":{"start":{"line":55,"column":17},"end":{"line":58,"column":3}},"line":55},"8":{"name":"(anonymous_8)","decl":{"start":{"line":57,"column":21},"end":{"line":57,"column":22}},"loc":{"start":{"line":57,"column":27},"end":{"line":57,"column":62}},"line":57}},"branchMap":{"0":{"loc":{"start":{"line":8,"column":13},"end":{"line":8,"column":37}},"type":"binary-expr","locations":[{"start":{"line":8,"column":13},"end":{"line":8,"column":29}},{"start":{"line":8,"column":33},"end":{"line":8,"column":37}}],"line":8},"1":{"loc":{"start":{"line":9,"column":12},"end":{"line":9,"column":58}},"type":"binary-expr","locations":[{"start":{"line":9,"column":12},"end":{"line":9,"column":31}},{"start":{"line":9,"column":35},"end":{"line":9,"column":58}}],"line":9},"2":{"loc":{"start":{"line":56,"column":15},"end":{"line":56,"column":47}},"type":"binary-expr","locations":[{"start":{"line":56,"column":15},"end":{"line":56,"column":19}},{"start":{"line":56,"column":23},"end":{"line":56,"column":39}},{"start":{"line":56,"column":43},"end":{"line":56,"column":47}}],"line":56}},"s":{"0":1,"1":1,"2":1,"3":1,"4":1,"5":1,"6":1,"7":1,"8":1,"9":1,"10":1,"11":0,"12":0,"13":0,"14":0,"15":0,"16":0,"17":0,"18":0,"19":1,"20":0,"21":0,"22":0},"f":{"0":0,"1":0,"2":0,"3":0,"4":0,"5":0,"6":0,"7":0,"8":0},"b":{"0":[1,1],"1":[1,1],"2":[0,0,0]},"_coverageSchema":"332fd63041d2c1bcb487cc26dd0d5f7d97098a6c","hash":"e6849703bde3d393695b1967d14203374dbc2586"}
}
