{"/Users/jamesdenton/codefellows/401/lab-06/www/server.js": {"path":"/Users/jamesdenton/codefellows/401/lab-06/www/server.js","statementMap":{"0":{"start":{"line":3,"column":19},"end":{"line":3,"column":40}},"1":{"start":{"line":4,"column":16},"end":{"line":4,"column":34}},"2":{"start":{"line":6,"column":12},"end":{"line":6,"column":21}},"3":{"start":{"line":8,"column":13},"end":{"line":8,"column":37}},"4":{"start":{"line":9,"column":12},"end":{"line":9,"column":58}},"5":{"start":{"line":12,"column":0},"end":{"line":12,"column":30}},"6":{"start":{"line":15,"column":0},"end":{"line":15,"column":38}},"7":{"start":{"line":17,"column":0},"end":{"line":17,"column":23}},"8":{"start":{"line":18,"column":0},"end":{"line":18,"column":32}},"9":{"start":{"line":19,"column":0},"end":{"line":19,"column":38}},"10":{"start":{"line":22,"column":2},"end":{"line":22,"column":80}},"11":{"start":{"line":26,"column":2},"end":{"line":31,"column":44}},"12":{"start":{"line":28,"column":6},"end":{"line":28,"column":111}},"13":{"start":{"line":31,"column":21},"end":{"line":31,"column":41}},"14":{"start":{"line":36,"column":2},"end":{"line":43,"column":7}},"15":{"start":{"line":38,"column":6},"end":{"line":38,"column":105}},"16":{"start":{"line":41,"column":22},"end":{"line":41,"column":43}},"17":{"start":{"line":42,"column":6},"end":{"line":42,"column":33}},"18":{"start":{"line":52,"column":0},"end":{"line":58,"column":2}},"19":{"start":{"line":55,"column":15},"end":{"line":55,"column":47}},"20":{"start":{"line":56,"column":4},"end":{"line":56,"column":64}},"21":{"start":{"line":56,"column":27},"end":{"line":56,"column":62}}},"fnMap":{"0":{"name":"homePage","decl":{"start":{"line":21,"column":9},"end":{"line":21,"column":17}},"loc":{"start":{"line":21,"column":36},"end":{"line":23,"column":1}},"line":21},"1":{"name":"catPage","decl":{"start":{"line":25,"column":9},"end":{"line":25,"column":16}},"loc":{"start":{"line":25,"column":35},"end":{"line":33,"column":1}},"line":25},"2":{"name":"(anonymous_2)","decl":{"start":{"line":27,"column":11},"end":{"line":27,"column":12}},"loc":{"start":{"line":27,"column":19},"end":{"line":30,"column":5}},"line":27},"3":{"name":"(anonymous_3)","decl":{"start":{"line":31,"column":12},"end":{"line":31,"column":13}},"loc":{"start":{"line":31,"column":21},"end":{"line":31,"column":41}},"line":31},"4":{"name":"proPage","decl":{"start":{"line":35,"column":9},"end":{"line":35,"column":16}},"loc":{"start":{"line":35,"column":36},"end":{"line":48,"column":1}},"line":35},"5":{"name":"(anonymous_5)","decl":{"start":{"line":37,"column":11},"end":{"line":37,"column":12}},"loc":{"start":{"line":37,"column":19},"end":{"line":40,"column":5}},"line":37},"6":{"name":"(anonymous_6)","decl":{"start":{"line":41,"column":12},"end":{"line":41,"column":13}},"loc":{"start":{"line":41,"column":21},"end":{"line":43,"column":5}},"line":41},"7":{"name":"(anonymous_7)","decl":{"start":{"line":54,"column":9},"end":{"line":54,"column":10}},"loc":{"start":{"line":54,"column":17},"end":{"line":57,"column":3}},"line":54},"8":{"name":"(anonymous_8)","decl":{"start":{"line":56,"column":21},"end":{"line":56,"column":22}},"loc":{"start":{"line":56,"column":27},"end":{"line":56,"column":62}},"line":56}},"branchMap":{"0":{"loc":{"start":{"line":8,"column":13},"end":{"line":8,"column":37}},"type":"binary-expr","locations":[{"start":{"line":8,"column":13},"end":{"line":8,"column":29}},{"start":{"line":8,"column":33},"end":{"line":8,"column":37}}],"line":8},"1":{"loc":{"start":{"line":9,"column":12},"end":{"line":9,"column":58}},"type":"binary-expr","locations":[{"start":{"line":9,"column":12},"end":{"line":9,"column":31}},{"start":{"line":9,"column":35},"end":{"line":9,"column":58}}],"line":9},"2":{"loc":{"start":{"line":55,"column":15},"end":{"line":55,"column":47}},"type":"binary-expr","locations":[{"start":{"line":55,"column":15},"end":{"line":55,"column":19}},{"start":{"line":55,"column":23},"end":{"line":55,"column":39}},{"start":{"line":55,"column":43},"end":{"line":55,"column":47}}],"line":55}},"s":{"0":1,"1":1,"2":1,"3":1,"4":1,"5":1,"6":1,"7":1,"8":1,"9":1,"10":0,"11":0,"12":0,"13":0,"14":0,"15":0,"16":0,"17":0,"18":1,"19":0,"20":0,"21":0},"f":{"0":0,"1":0,"2":0,"3":0,"4":0,"5":0,"6":0,"7":0,"8":0},"b":{"0":[1,1],"1":[1,1],"2":[0,0,0]},"_coverageSchema":"332fd63041d2c1bcb487cc26dd0d5f7d97098a6c","hash":"4b4ad2c817befc3c6f11d068a94f6552eda8d377"}
}
