TN:
SF:/Users/jamesdenton/codefellows/401/lab-06/www/lib/server.js
FN:22,homePage
FN:26,catPage
FN:28,(anonymous_2)
FN:32,(anonymous_3)
FN:36,proPage
FN:38,(anonymous_5)
FN:42,(anonymous_6)
FN:55,(anonymous_7)
FN:57,(anonymous_8)
FNF:9
FNH:0
FNDA:0,homePage
FNDA:0,catPage
FNDA:0,(anonymous_2)
FNDA:0,(anonymous_3)
FNDA:0,proPage
FNDA:0,(anonymous_5)
FNDA:0,(anonymous_6)
FNDA:0,(anonymous_7)
FNDA:0,(anonymous_8)
DA:3,1
DA:4,1
DA:6,1
DA:8,1
DA:9,1
DA:12,1
DA:15,1
DA:17,1
DA:18,1
DA:19,1
DA:20,1
DA:23,0
DA:27,0
DA:29,0
DA:32,0
DA:37,0
DA:39,0
DA:42,0
DA:43,0
DA:53,1
DA:56,0
DA:57,0
LF:22
LH:12
BRDA:8,0,0,1
BRDA:8,0,1,1
BRDA:9,1,0,1
BRDA:9,1,1,1
BRDA:56,2,0,0
BRDA:56,2,1,0
BRDA:56,2,2,0
BRF:7
BRH:4
end_of_record
