TN:
SF:/Users/jamesdenton/codefellows/401/lab-06/www/server.js
FN:21,homePage
FN:25,catPage
FN:27,(anonymous_2)
FN:31,(anonymous_3)
FN:35,proPage
FN:37,(anonymous_5)
FN:41,(anonymous_6)
FN:54,(anonymous_7)
FN:56,(anonymous_8)
FNF:9
FNH:0
FNDA:0,homePage
FNDA:0,catPage
FNDA:0,(anonymous_2)
FNDA:0,(anonymous_3)
FNDA:0,proPage
FNDA:0,(anonymous_5)
FNDA:0,(anonymous_6)
FNDA:0,(anonymous_7)
FNDA:0,(anonymous_8)
DA:3,1
DA:4,1
DA:6,1
DA:8,1
DA:9,1
DA:12,1
DA:15,1
DA:17,1
DA:18,1
DA:19,1
DA:22,0
DA:26,0
DA:28,0
DA:31,0
DA:36,0
DA:38,0
DA:41,0
DA:42,0
DA:52,1
DA:55,0
DA:56,0
LF:21
LH:11
BRDA:8,0,0,1
BRDA:8,0,1,1
BRDA:9,1,0,1
BRDA:9,1,1,1
BRDA:55,2,0,0
BRDA:55,2,1,0
BRDA:55,2,2,0
BRF:7
BRH:4
end_of_record
